2014-07-24 16:28:42 [main] WARN  o.hibernate.ejb.HibernatePersistence - HHH015016: Encountered a deprecated javax.persistence.spi.PersistenceProvider [org.hibernate.ejb.HibernatePersistence]; use [org.hibernate.jpa.HibernatePersistenceProvider] instead.
2014-07-24 16:28:43 [main] WARN  o.h.e.jdbc.internal.JdbcServicesImpl - HHH000342: Could not obtain connection to query metadata : Unknown database 'shoeshop'
2014-07-24 16:28:43 [main] ERROR o.h.tool.hbm2ddl.SchemaUpdate - HHH000319: Could not get database metadata
com.mysql.jdbc.exceptions.jdbc4.MySQLSyntaxErrorException: Unknown database 'shoeshop'
	at sun.reflect.NativeConstructorAccessorImpl.newInstance0(Native Method) ~[na:1.7.0_40]
	at sun.reflect.NativeConstructorAccessorImpl.newInstance(Unknown Source) ~[na:1.7.0_40]
	at sun.reflect.DelegatingConstructorAccessorImpl.newInstance(Unknown Source) ~[na:1.7.0_40]
	at java.lang.reflect.Constructor.newInstance(Unknown Source) ~[na:1.7.0_40]
	at com.mysql.jdbc.Util.handleNewInstance(Util.java:409) ~[mysql-connector-java-5.1.30.jar:na]
	at com.mysql.jdbc.Util.getInstance(Util.java:384) ~[mysql-connector-java-5.1.30.jar:na]
	at com.mysql.jdbc.SQLError.createSQLException(SQLError.java:1052) ~[mysql-connector-java-5.1.30.jar:na]
	at com.mysql.jdbc.MysqlIO.checkErrorPacket(MysqlIO.java:4232) ~[mysql-connector-java-5.1.30.jar:na]
	at com.mysql.jdbc.MysqlIO.checkErrorPacket(MysqlIO.java:4164) ~[mysql-connector-java-5.1.30.jar:na]
	at com.mysql.jdbc.MysqlIO.checkErrorPacket(MysqlIO.java:926) ~[mysql-connector-java-5.1.30.jar:na]
	at com.mysql.jdbc.MysqlIO.proceedHandshakeWithPluggableAuthentication(MysqlIO.java:1748) ~[mysql-connector-java-5.1.30.jar:na]
	at com.mysql.jdbc.MysqlIO.doHandshake(MysqlIO.java:1288) ~[mysql-connector-java-5.1.30.jar:na]
	at com.mysql.jdbc.ConnectionImpl.coreConnect(ConnectionImpl.java:2506) ~[mysql-connector-java-5.1.30.jar:na]
	at com.mysql.jdbc.ConnectionImpl.connectOneTryOnly(ConnectionImpl.java:2539) ~[mysql-connector-java-5.1.30.jar:na]
	at com.mysql.jdbc.ConnectionImpl.createNewIO(ConnectionImpl.java:2321) ~[mysql-connector-java-5.1.30.jar:na]
	at com.mysql.jdbc.ConnectionImpl.<init>(ConnectionImpl.java:832) ~[mysql-connector-java-5.1.30.jar:na]
	at com.mysql.jdbc.JDBC4Connection.<init>(JDBC4Connection.java:46) ~[mysql-connector-java-5.1.30.jar:na]
	at sun.reflect.NativeConstructorAccessorImpl.newInstance0(Native Method) ~[na:1.7.0_40]
	at sun.reflect.NativeConstructorAccessorImpl.newInstance(Unknown Source) ~[na:1.7.0_40]
	at sun.reflect.DelegatingConstructorAccessorImpl.newInstance(Unknown Source) ~[na:1.7.0_40]
	at java.lang.reflect.Constructor.newInstance(Unknown Source) ~[na:1.7.0_40]
	at com.mysql.jdbc.Util.handleNewInstance(Util.java:409) ~[mysql-connector-java-5.1.30.jar:na]
	at com.mysql.jdbc.ConnectionImpl.getInstance(ConnectionImpl.java:417) ~[mysql-connector-java-5.1.30.jar:na]
	at com.mysql.jdbc.NonRegisteringDriver.connect(NonRegisteringDriver.java:344) ~[mysql-connector-java-5.1.30.jar:na]
	at org.apache.tomcat.jdbc.pool.PooledConnection.connectUsingDriver(PooledConnection.java:278) ~[tomcat-jdbc-7.0.53.jar:na]
	at org.apache.tomcat.jdbc.pool.PooledConnection.connect(PooledConnection.java:182) ~[tomcat-jdbc-7.0.53.jar:na]
	at org.apache.tomcat.jdbc.pool.ConnectionPool.createConnection(ConnectionPool.java:701) ~[tomcat-jdbc-7.0.53.jar:na]
	at org.apache.tomcat.jdbc.pool.ConnectionPool.borrowConnection(ConnectionPool.java:635) ~[tomcat-jdbc-7.0.53.jar:na]
	at org.apache.tomcat.jdbc.pool.ConnectionPool.init(ConnectionPool.java:486) ~[tomcat-jdbc-7.0.53.jar:na]
	at org.apache.tomcat.jdbc.pool.ConnectionPool.<init>(ConnectionPool.java:144) ~[tomcat-jdbc-7.0.53.jar:na]
	at org.apache.tomcat.jdbc.pool.DataSourceProxy.pCreatePool(DataSourceProxy.java:116) ~[tomcat-jdbc-7.0.53.jar:na]
	at org.apache.tomcat.jdbc.pool.DataSourceProxy.createPool(DataSourceProxy.java:103) ~[tomcat-jdbc-7.0.53.jar:na]
	at org.apache.tomcat.jdbc.pool.DataSourceProxy.getConnection(DataSourceProxy.java:127) ~[tomcat-jdbc-7.0.53.jar:na]
	at org.hibernate.engine.jdbc.connections.internal.DatasourceConnectionProviderImpl.getConnection(DatasourceConnectionProviderImpl.java:139) ~[hibernate-core-4.3.5.Final.jar:4.3.5.Final]
	at org.hibernate.tool.hbm2ddl.SuppliedConnectionProviderConnectionHelper.prepare(SuppliedConnectionProviderConnectionHelper.java:51) ~[hibernate-core-4.3.5.Final.jar:4.3.5.Final]
	at org.hibernate.tool.hbm2ddl.SchemaUpdate.execute(SchemaUpdate.java:194) ~[hibernate-core-4.3.5.Final.jar:4.3.5.Final]
	at org.hibernate.tool.hbm2ddl.SchemaUpdate.execute(SchemaUpdate.java:178) ~[hibernate-core-4.3.5.Final.jar:4.3.5.Final]
	at org.hibernate.internal.SessionFactoryImpl.<init>(SessionFactoryImpl.java:522) ~[hibernate-core-4.3.5.Final.jar:4.3.5.Final]
	at org.hibernate.cfg.Configuration.buildSessionFactory(Configuration.java:1857) ~[hibernate-core-4.3.5.Final.jar:4.3.5.Final]
	at org.hibernate.jpa.boot.internal.EntityManagerFactoryBuilderImpl$4.perform(EntityManagerFactoryBuilderImpl.java:850) [hibernate-entitymanager-4.3.5.Final.jar:4.3.5.Final]
	at org.hibernate.jpa.boot.internal.EntityManagerFactoryBuilderImpl$4.perform(EntityManagerFactoryBuilderImpl.java:843) [hibernate-entitymanager-4.3.5.Final.jar:4.3.5.Final]
	at org.hibernate.boot.registry.classloading.internal.ClassLoaderServiceImpl.withTccl(ClassLoaderServiceImpl.java:397) [hibernate-core-4.3.5.Final.jar:4.3.5.Final]
	at org.hibernate.jpa.boot.internal.EntityManagerFactoryBuilderImpl.build(EntityManagerFactoryBuilderImpl.java:842) [hibernate-entitymanager-4.3.5.Final.jar:4.3.5.Final]
	at org.hibernate.jpa.HibernatePersistenceProvider.createContainerEntityManagerFactory(HibernatePersistenceProvider.java:152) [hibernate-entitymanager-4.3.5.Final.jar:4.3.5.Final]
	at org.hibernate.ejb.HibernatePersistence.createContainerEntityManagerFactory(HibernatePersistence.java:67) [hibernate-entitymanager-4.3.5.Final.jar:4.3.5.Final]
	at org.springframework.orm.jpa.LocalContainerEntityManagerFactoryBean.createNativeEntityManagerFactory(LocalContainerEntityManagerFactoryBean.java:290) [spring-orm-3.2.8.RELEASE.jar:3.2.8.RELEASE]
	at org.springframework.orm.jpa.AbstractEntityManagerFactoryBean.afterPropertiesSet(AbstractEntityManagerFactoryBean.java:310) [spring-orm-3.2.8.RELEASE.jar:3.2.8.RELEASE]
	at org.springframework.beans.factory.support.AbstractAutowireCapableBeanFactory.invokeInitMethods(AbstractAutowireCapableBeanFactory.java:1571) [spring-beans-3.2.8.RELEASE.jar:3.2.8.RELEASE]
	at org.springframework.beans.factory.support.AbstractAutowireCapableBeanFactory.initializeBean(AbstractAutowireCapableBeanFactory.java:1509) [spring-beans-3.2.8.RELEASE.jar:3.2.8.RELEASE]
	at org.springframework.beans.factory.support.AbstractAutowireCapableBeanFactory.doCreateBean(AbstractAutowireCapableBeanFactory.java:521) [spring-beans-3.2.8.RELEASE.jar:3.2.8.RELEASE]
	at org.springframework.beans.factory.support.AbstractAutowireCapableBeanFactory.createBean(AbstractAutowireCapableBeanFactory.java:458) [spring-beans-3.2.8.RELEASE.jar:3.2.8.RELEASE]
	at org.springframework.beans.factory.support.AbstractBeanFactory$1.getObject(AbstractBeanFactory.java:296) [spring-beans-3.2.8.RELEASE.jar:3.2.8.RELEASE]
	at org.springframework.beans.factory.support.DefaultSingletonBeanRegistry.getSingleton(DefaultSingletonBeanRegistry.java:223) [spring-beans-3.2.8.RELEASE.jar:3.2.8.RELEASE]
	at org.springframework.beans.factory.support.AbstractBeanFactory.doGetBean(AbstractBeanFactory.java:293) [spring-beans-3.2.8.RELEASE.jar:3.2.8.RELEASE]
	at org.springframework.beans.factory.support.AbstractBeanFactory.getBean(AbstractBeanFactory.java:194) [spring-beans-3.2.8.RELEASE.jar:3.2.8.RELEASE]
	at org.springframework.context.support.AbstractApplicationContext.getBean(AbstractApplicationContext.java:1117) [spring-context-3.2.8.RELEASE.jar:3.2.8.RELEASE]
	at org.springframework.context.support.AbstractApplicationContext.finishBeanFactoryInitialization(AbstractApplicationContext.java:922) [spring-context-3.2.8.RELEASE.jar:3.2.8.RELEASE]
	at org.springframework.context.support.AbstractApplicationContext.refresh(AbstractApplicationContext.java:479) [spring-context-3.2.8.RELEASE.jar:3.2.8.RELEASE]
	at org.springframework.web.context.ContextLoader.configureAndRefreshWebApplicationContext(ContextLoader.java:410) [spring-web-3.2.8.RELEASE.jar:3.2.8.RELEASE]
	at org.springframework.web.context.ContextLoader.initWebApplicationContext(ContextLoader.java:306) [spring-web-3.2.8.RELEASE.jar:3.2.8.RELEASE]
	at org.springframework.web.context.ContextLoaderListener.contextInitialized(ContextLoaderListener.java:112) [spring-web-3.2.8.RELEASE.jar:3.2.8.RELEASE]
	at org.mortbay.jetty.handler.ContextHandler.startContext(ContextHandler.java:549) [jetty-6.1.26.jar:6.1.26]
	at org.mortbay.jetty.servlet.Context.startContext(Context.java:136) [jetty-6.1.26.jar:6.1.26]
	at org.mortbay.jetty.webapp.WebAppContext.startContext(WebAppContext.java:1282) [jetty-6.1.26.jar:6.1.26]
	at org.mortbay.jetty.handler.ContextHandler.doStart(ContextHandler.java:518) [jetty-6.1.26.jar:6.1.26]
	at org.mortbay.jetty.webapp.WebAppContext.doStart(WebAppContext.java:499) [jetty-6.1.26.jar:6.1.26]
	at org.mortbay.component.AbstractLifeCycle.start(AbstractLifeCycle.java:50) [jetty-util-6.1.26.jar:6.1.26]
	at org.mortbay.jetty.handler.HandlerWrapper.doStart(HandlerWrapper.java:130) [jetty-6.1.26.jar:6.1.26]
	at org.mortbay.jetty.Server.doStart(Server.java:224) [jetty-6.1.26.jar:6.1.26]
	at org.mortbay.component.AbstractLifeCycle.start(AbstractLifeCycle.java:50) [jetty-util-6.1.26.jar:6.1.26]
	at runjettyrun.Bootstrap.main(Bootstrap.java:97) [run-jetty-run-bootstrap.jar:na]
2014-07-24 16:28:43 [main] ERROR o.h.tool.hbm2ddl.SchemaUpdate - HHH000299: Could not complete schema update
com.mysql.jdbc.exceptions.jdbc4.MySQLSyntaxErrorException: Unknown database 'shoeshop'
	at sun.reflect.NativeConstructorAccessorImpl.newInstance0(Native Method) ~[na:1.7.0_40]
	at sun.reflect.NativeConstructorAccessorImpl.newInstance(Unknown Source) ~[na:1.7.0_40]
	at sun.reflect.DelegatingConstructorAccessorImpl.newInstance(Unknown Source) ~[na:1.7.0_40]
	at java.lang.reflect.Constructor.newInstance(Unknown Source) ~[na:1.7.0_40]
	at com.mysql.jdbc.Util.handleNewInstance(Util.java:409) ~[mysql-connector-java-5.1.30.jar:na]
	at com.mysql.jdbc.Util.getInstance(Util.java:384) ~[mysql-connector-java-5.1.30.jar:na]
	at com.mysql.jdbc.SQLError.createSQLException(SQLError.java:1052) ~[mysql-connector-java-5.1.30.jar:na]
	at com.mysql.jdbc.MysqlIO.checkErrorPacket(MysqlIO.java:4232) ~[mysql-connector-java-5.1.30.jar:na]
	at com.mysql.jdbc.MysqlIO.checkErrorPacket(MysqlIO.java:4164) ~[mysql-connector-java-5.1.30.jar:na]
	at com.mysql.jdbc.MysqlIO.checkErrorPacket(MysqlIO.java:926) ~[mysql-connector-java-5.1.30.jar:na]
	at com.mysql.jdbc.MysqlIO.proceedHandshakeWithPluggableAuthentication(MysqlIO.java:1748) ~[mysql-connector-java-5.1.30.jar:na]
	at com.mysql.jdbc.MysqlIO.doHandshake(MysqlIO.java:1288) ~[mysql-connector-java-5.1.30.jar:na]
	at com.mysql.jdbc.ConnectionImpl.coreConnect(ConnectionImpl.java:2506) ~[mysql-connector-java-5.1.30.jar:na]
	at com.mysql.jdbc.ConnectionImpl.connectOneTryOnly(ConnectionImpl.java:2539) ~[mysql-connector-java-5.1.30.jar:na]
	at com.mysql.jdbc.ConnectionImpl.createNewIO(ConnectionImpl.java:2321) ~[mysql-connector-java-5.1.30.jar:na]
	at com.mysql.jdbc.ConnectionImpl.<init>(ConnectionImpl.java:832) ~[mysql-connector-java-5.1.30.jar:na]
	at com.mysql.jdbc.JDBC4Connection.<init>(JDBC4Connection.java:46) ~[mysql-connector-java-5.1.30.jar:na]
	at sun.reflect.NativeConstructorAccessorImpl.newInstance0(Native Method) ~[na:1.7.0_40]
	at sun.reflect.NativeConstructorAccessorImpl.newInstance(Unknown Source) ~[na:1.7.0_40]
	at sun.reflect.DelegatingConstructorAccessorImpl.newInstance(Unknown Source) ~[na:1.7.0_40]
	at java.lang.reflect.Constructor.newInstance(Unknown Source) ~[na:1.7.0_40]
	at com.mysql.jdbc.Util.handleNewInstance(Util.java:409) ~[mysql-connector-java-5.1.30.jar:na]
	at com.mysql.jdbc.ConnectionImpl.getInstance(ConnectionImpl.java:417) ~[mysql-connector-java-5.1.30.jar:na]
	at com.mysql.jdbc.NonRegisteringDriver.connect(NonRegisteringDriver.java:344) ~[mysql-connector-java-5.1.30.jar:na]
	at org.apache.tomcat.jdbc.pool.PooledConnection.connectUsingDriver(PooledConnection.java:278) ~[tomcat-jdbc-7.0.53.jar:na]
	at org.apache.tomcat.jdbc.pool.PooledConnection.connect(PooledConnection.java:182) ~[tomcat-jdbc-7.0.53.jar:na]
	at org.apache.tomcat.jdbc.pool.ConnectionPool.createConnection(ConnectionPool.java:701) ~[tomcat-jdbc-7.0.53.jar:na]
	at org.apache.tomcat.jdbc.pool.ConnectionPool.borrowConnection(ConnectionPool.java:635) ~[tomcat-jdbc-7.0.53.jar:na]
	at org.apache.tomcat.jdbc.pool.ConnectionPool.init(ConnectionPool.java:486) ~[tomcat-jdbc-7.0.53.jar:na]
	at org.apache.tomcat.jdbc.pool.ConnectionPool.<init>(ConnectionPool.java:144) ~[tomcat-jdbc-7.0.53.jar:na]
	at org.apache.tomcat.jdbc.pool.DataSourceProxy.pCreatePool(DataSourceProxy.java:116) ~[tomcat-jdbc-7.0.53.jar:na]
	at org.apache.tomcat.jdbc.pool.DataSourceProxy.createPool(DataSourceProxy.java:103) ~[tomcat-jdbc-7.0.53.jar:na]
	at org.apache.tomcat.jdbc.pool.DataSourceProxy.getConnection(DataSourceProxy.java:127) ~[tomcat-jdbc-7.0.53.jar:na]
	at org.hibernate.engine.jdbc.connections.internal.DatasourceConnectionProviderImpl.getConnection(DatasourceConnectionProviderImpl.java:139) ~[hibernate-core-4.3.5.Final.jar:4.3.5.Final]
	at org.hibernate.tool.hbm2ddl.SuppliedConnectionProviderConnectionHelper.prepare(SuppliedConnectionProviderConnectionHelper.java:51) ~[hibernate-core-4.3.5.Final.jar:4.3.5.Final]
	at org.hibernate.tool.hbm2ddl.SchemaUpdate.execute(SchemaUpdate.java:194) ~[hibernate-core-4.3.5.Final.jar:4.3.5.Final]
	at org.hibernate.tool.hbm2ddl.SchemaUpdate.execute(SchemaUpdate.java:178) ~[hibernate-core-4.3.5.Final.jar:4.3.5.Final]
	at org.hibernate.internal.SessionFactoryImpl.<init>(SessionFactoryImpl.java:522) ~[hibernate-core-4.3.5.Final.jar:4.3.5.Final]
	at org.hibernate.cfg.Configuration.buildSessionFactory(Configuration.java:1857) ~[hibernate-core-4.3.5.Final.jar:4.3.5.Final]
	at org.hibernate.jpa.boot.internal.EntityManagerFactoryBuilderImpl$4.perform(EntityManagerFactoryBuilderImpl.java:850) [hibernate-entitymanager-4.3.5.Final.jar:4.3.5.Final]
	at org.hibernate.jpa.boot.internal.EntityManagerFactoryBuilderImpl$4.perform(EntityManagerFactoryBuilderImpl.java:843) [hibernate-entitymanager-4.3.5.Final.jar:4.3.5.Final]
	at org.hibernate.boot.registry.classloading.internal.ClassLoaderServiceImpl.withTccl(ClassLoaderServiceImpl.java:397) [hibernate-core-4.3.5.Final.jar:4.3.5.Final]
	at org.hibernate.jpa.boot.internal.EntityManagerFactoryBuilderImpl.build(EntityManagerFactoryBuilderImpl.java:842) [hibernate-entitymanager-4.3.5.Final.jar:4.3.5.Final]
	at org.hibernate.jpa.HibernatePersistenceProvider.createContainerEntityManagerFactory(HibernatePersistenceProvider.java:152) [hibernate-entitymanager-4.3.5.Final.jar:4.3.5.Final]
	at org.hibernate.ejb.HibernatePersistence.createContainerEntityManagerFactory(HibernatePersistence.java:67) [hibernate-entitymanager-4.3.5.Final.jar:4.3.5.Final]
	at org.springframework.orm.jpa.LocalContainerEntityManagerFactoryBean.createNativeEntityManagerFactory(LocalContainerEntityManagerFactoryBean.java:290) [spring-orm-3.2.8.RELEASE.jar:3.2.8.RELEASE]
	at org.springframework.orm.jpa.AbstractEntityManagerFactoryBean.afterPropertiesSet(AbstractEntityManagerFactoryBean.java:310) [spring-orm-3.2.8.RELEASE.jar:3.2.8.RELEASE]
	at org.springframework.beans.factory.support.AbstractAutowireCapableBeanFactory.invokeInitMethods(AbstractAutowireCapableBeanFactory.java:1571) [spring-beans-3.2.8.RELEASE.jar:3.2.8.RELEASE]
	at org.springframework.beans.factory.support.AbstractAutowireCapableBeanFactory.initializeBean(AbstractAutowireCapableBeanFactory.java:1509) [spring-beans-3.2.8.RELEASE.jar:3.2.8.RELEASE]
	at org.springframework.beans.factory.support.AbstractAutowireCapableBeanFactory.doCreateBean(AbstractAutowireCapableBeanFactory.java:521) [spring-beans-3.2.8.RELEASE.jar:3.2.8.RELEASE]
	at org.springframework.beans.factory.support.AbstractAutowireCapableBeanFactory.createBean(AbstractAutowireCapableBeanFactory.java:458) [spring-beans-3.2.8.RELEASE.jar:3.2.8.RELEASE]
	at org.springframework.beans.factory.support.AbstractBeanFactory$1.getObject(AbstractBeanFactory.java:296) [spring-beans-3.2.8.RELEASE.jar:3.2.8.RELEASE]
	at org.springframework.beans.factory.support.DefaultSingletonBeanRegistry.getSingleton(DefaultSingletonBeanRegistry.java:223) [spring-beans-3.2.8.RELEASE.jar:3.2.8.RELEASE]
	at org.springframework.beans.factory.support.AbstractBeanFactory.doGetBean(AbstractBeanFactory.java:293) [spring-beans-3.2.8.RELEASE.jar:3.2.8.RELEASE]
	at org.springframework.beans.factory.support.AbstractBeanFactory.getBean(AbstractBeanFactory.java:194) [spring-beans-3.2.8.RELEASE.jar:3.2.8.RELEASE]
	at org.springframework.context.support.AbstractApplicationContext.getBean(AbstractApplicationContext.java:1117) [spring-context-3.2.8.RELEASE.jar:3.2.8.RELEASE]
	at org.springframework.context.support.AbstractApplicationContext.finishBeanFactoryInitialization(AbstractApplicationContext.java:922) [spring-context-3.2.8.RELEASE.jar:3.2.8.RELEASE]
	at org.springframework.context.support.AbstractApplicationContext.refresh(AbstractApplicationContext.java:479) [spring-context-3.2.8.RELEASE.jar:3.2.8.RELEASE]
	at org.springframework.web.context.ContextLoader.configureAndRefreshWebApplicationContext(ContextLoader.java:410) [spring-web-3.2.8.RELEASE.jar:3.2.8.RELEASE]
	at org.springframework.web.context.ContextLoader.initWebApplicationContext(ContextLoader.java:306) [spring-web-3.2.8.RELEASE.jar:3.2.8.RELEASE]
	at org.springframework.web.context.ContextLoaderListener.contextInitialized(ContextLoaderListener.java:112) [spring-web-3.2.8.RELEASE.jar:3.2.8.RELEASE]
	at org.mortbay.jetty.handler.ContextHandler.startContext(ContextHandler.java:549) [jetty-6.1.26.jar:6.1.26]
	at org.mortbay.jetty.servlet.Context.startContext(Context.java:136) [jetty-6.1.26.jar:6.1.26]
	at org.mortbay.jetty.webapp.WebAppContext.startContext(WebAppContext.java:1282) [jetty-6.1.26.jar:6.1.26]
	at org.mortbay.jetty.handler.ContextHandler.doStart(ContextHandler.java:518) [jetty-6.1.26.jar:6.1.26]
	at org.mortbay.jetty.webapp.WebAppContext.doStart(WebAppContext.java:499) [jetty-6.1.26.jar:6.1.26]
	at org.mortbay.component.AbstractLifeCycle.start(AbstractLifeCycle.java:50) [jetty-util-6.1.26.jar:6.1.26]
	at org.mortbay.jetty.handler.HandlerWrapper.doStart(HandlerWrapper.java:130) [jetty-6.1.26.jar:6.1.26]
	at org.mortbay.jetty.Server.doStart(Server.java:224) [jetty-6.1.26.jar:6.1.26]
	at org.mortbay.component.AbstractLifeCycle.start(AbstractLifeCycle.java:50) [jetty-util-6.1.26.jar:6.1.26]
	at runjettyrun.Bootstrap.main(Bootstrap.java:97) [run-jetty-run-bootstrap.jar:na]
2014-07-24 16:28:59 [10298108@qtp-4798195-0] WARN  o.h.e.jdbc.spi.SqlExceptionHelper - SQL Error: 1049, SQLState: 42000
2014-07-24 16:28:59 [10298108@qtp-4798195-0] ERROR o.h.e.jdbc.spi.SqlExceptionHelper - Unknown database 'shoeshop'
2014-07-24 16:30:08 [24276137@qtp-4798195-2] WARN  o.h.e.jdbc.spi.SqlExceptionHelper - SQL Error: 1146, SQLState: 42S02
2014-07-24 16:30:08 [24276137@qtp-4798195-2] ERROR o.h.e.jdbc.spi.SqlExceptionHelper - Table 'shoeshop.task' doesn't exist
2014-07-24 16:30:58 [main] WARN  o.hibernate.ejb.HibernatePersistence - HHH015016: Encountered a deprecated javax.persistence.spi.PersistenceProvider [org.hibernate.ejb.HibernatePersistence]; use [org.hibernate.jpa.HibernatePersistenceProvider] instead.
